This is pdfTeX, Version 3.1415926-1.40.10 (TeX Live 2009/Debian) (format=pdflatex 2013.3.19)  18 JUL 2013 10:58
entering extended mode
 %&-line parsing enabled.
**succurro_heavyQuarksAtlas.tex
(./succurro_heavyQuarksAtlas.tex
LaTeX2e <2009/09/24>
Babel <v3.8l> and hyphenation patterns for english, usenglishmax, dumylang, noh
yphenation, loaded.
(/usr/share/texmf/tex/latex/beamer/base/beamer.cls
(/usr/share/texmf/tex/latex/beamer/base/beamerbasercs.sty
Package: beamerbasercs 2010/06/12 (rcs-revision c3821710bb40)
)
Document Class: beamer 2010/06/21 development version 3.10 A class for typesett
ing presentations (rcs-revision a6b1a8434d30)
(/usr/share/texmf/tex/latex/beamer/base/beamerbasemodes.sty
Package: beamerbasemodes 2010/05/01 (rcs-revision efa082c6111d)
\beamer@tempbox=\box26
\beamer@tempcount=\count79
\c@beamerpauses=\count80

(/usr/share/texmf/tex/latex/beamer/base/beamerbasedecode.sty
Package: beamerbasedecode 2010/05/01 (rcs-revision efa082c6111d)
\beamer@slideinframe=\count81
\beamer@minimum=\count82
)
\beamer@commentbox=\box27
\beamer@modecount=\count83
)
\headheight=\dimen102
\headdp=\dimen103
\footheight=\dimen104
\sidebarheight=\dimen105
\beamer@tempdim=\dimen106
\beamer@finalheight=\dimen107
\beamer@animht=\dimen108
\beamer@animdp=\dimen109
\beamer@animwd=\dimen110
\beamer@leftmargin=\dimen111
\beamer@rightmargin=\dimen112
\beamer@leftsidebar=\dimen113
\beamer@rightsidebar=\dimen114
\beamer@boxsize=\dimen115
\beamer@vboxoffset=\dimen116
\beamer@descdefault=\dimen117
\beamer@descriptionwidth=\dimen118
\beamer@lastskip=\skip41
\beamer@areabox=\box28
\beamer@animcurrent=\box29
\beamer@animshowbox=\box30
\beamer@sectionbox=\box31
\beamer@logobox=\box32
\beamer@linebox=\box33
\beamer@sectioncount=\count84
\beamer@subsubsectionmax=\count85
\beamer@subsectionmax=\count86
\beamer@sectionmax=\count87
\beamer@totalheads=\count88
\beamer@headcounter=\count89
\beamer@partstartpage=\count90
\beamer@sectionstartpage=\count91
\beamer@subsectionstartpage=\count92
\beamer@animationtempa=\count93
\beamer@animationtempb=\count94
\beamer@xpos=\count95
\beamer@ypos=\count96
\beamer@showpartnumber=\count97
\beamer@currentsubsection=\count98
\beamer@coveringdepth=\count99
\beamer@sectionadjust=\count100
\beamer@tocsectionnumber=\count101

(/usr/share/texmf/tex/latex/beamer/base/beamerbaseoptions.sty
Package: beamerbaseoptions 2010/04/27 (rcs-revision 982469101dd6)

(/usr/share/texmf-texlive/tex/latex/graphics/keyval.sty
Package: keyval 1999/03/16 v1.13 key=value parser (DPC)
\KV@toks@=\toks14
))
\beamer@paperwidth=\skip42
\beamer@paperheight=\skip43

(/usr/share/texmf-texlive/tex/latex/geometry/geometry.sty
Package: geometry 2008/12/21 v4.2 Page Geometry

(/usr/share/texmf-texlive/tex/generic/oberdiek/ifpdf.sty
Package: ifpdf 2009/04/10 v2.0 Provides the ifpdf switch (HO)
Package ifpdf Info: pdfTeX in pdf mode detected.
)
(/usr/share/texmf-texlive/tex/generic/oberdiek/ifvtex.sty
Package: ifvtex 2008/11/04 v1.4 Switches for detecting VTeX and its modes (HO)
Package ifvtex Info: VTeX not detected.
)
\Gm@cnth=\count102
\Gm@cntv=\count103
\c@Gm@tempcnt=\count104
\Gm@bindingoffset=\dimen119
\Gm@wd@mp=\dimen120
\Gm@odd@mp=\dimen121
\Gm@even@mp=\dimen122
\Gm@dimlist=\toks15
)
(/usr/share/texmf-texlive/tex/latex/base/size10.clo
File: size10.clo 2007/10/19 v1.4h Standard LaTeX file (size option)
)
(/usr/share/texmf/tex/latex/pgf/basiclayer/pgfcore.sty
(/usr/share/texmf-texlive/tex/latex/graphics/graphicx.sty
Package: graphicx 1999/02/16 v1.0f Enhanced LaTeX Graphics (DPC,SPQR)

(/usr/share/texmf-texlive/tex/latex/graphics/graphics.sty
Package: graphics 2009/02/05 v1.0o Standard LaTeX Graphics (DPC,SPQR)

(/usr/share/texmf-texlive/tex/latex/graphics/trig.sty
Package: trig 1999/03/16 v1.09 sin cos tan (DPC)
)
(/etc/texmf/tex/latex/config/graphics.cfg
File: graphics.cfg 2009/08/28 v1.8 graphics configuration of TeX Live
)
Package graphics Info: Driver file: pdftex.def on input line 91.

(/usr/share/texmf-texlive/tex/latex/pdftex-def/pdftex.def
File: pdftex.def 2010/03/12 v0.04p Graphics/color for pdfTeX
\Gread@gobject=\count105
))
\Gin@req@height=\dimen123
\Gin@req@width=\dimen124
)
(/usr/share/texmf/tex/latex/pgf/systemlayer/pgfsys.sty
(/usr/share/texmf/tex/latex/pgf/utilities/pgfrcs.sty
(/usr/share/texmf/tex/generic/pgf/utilities/pgfutil-common.tex
\pgfutil@everybye=\toks16
)
(/usr/share/texmf/tex/generic/pgf/utilities/pgfutil-latex.def
\pgfutil@abb=\box34

(/usr/share/texmf-texlive/tex/latex/ms/everyshi.sty
Package: everyshi 2001/05/15 v3.00 EveryShipout Package (MS)
))
(/usr/share/texmf/tex/generic/pgf/utilities/pgfrcs.code.tex
Package: pgfrcs 2010/10/25 v2.10 (rcs-revision 1.24)
))
(/usr/share/texmf/tex/generic/pgf/systemlayer/pgfsys.code.tex
Package: pgfsys 2010/06/30 v2.10 (rcs-revision 1.37)

(/usr/share/texmf/tex/generic/pgf/utilities/pgfkeys.code.tex
\pgfkeys@pathtoks=\toks17
\pgfkeys@temptoks=\toks18

(/usr/share/texmf/tex/generic/pgf/utilities/pgfkeysfiltered.code.tex
\pgfkeys@tmptoks=\toks19
))
\pgf@x=\dimen125
\pgf@y=\dimen126
\pgf@xa=\dimen127
\pgf@ya=\dimen128
\pgf@xb=\dimen129
\pgf@yb=\dimen130
\pgf@xc=\dimen131
\pgf@yc=\dimen132
\w@pgf@writea=\write3
\r@pgf@reada=\read1
\c@pgf@counta=\count106
\c@pgf@countb=\count107
\c@pgf@countc=\count108
\c@pgf@countd=\count109

(/usr/share/texmf/tex/generic/pgf/systemlayer/pgf.cfg
File: pgf.cfg 2008/05/14  (rcs-revision 1.7)
)
Package pgfsys Info: Driver file for pgf: pgfsys-pdftex.def on input line 900.

(/usr/share/texmf/tex/generic/pgf/systemlayer/pgfsys-pdftex.def
File: pgfsys-pdftex.def 2009/05/22  (rcs-revision 1.26)

(/usr/share/texmf/tex/generic/pgf/systemlayer/pgfsys-common-pdf.def
File: pgfsys-common-pdf.def 2008/05/19  (rcs-revision 1.10)
)))
(/usr/share/texmf/tex/generic/pgf/systemlayer/pgfsyssoftpath.code.tex
File: pgfsyssoftpath.code.tex 2008/07/18  (rcs-revision 1.7)
\pgfsyssoftpath@smallbuffer@items=\count110
\pgfsyssoftpath@bigbuffer@items=\count111
)
(/usr/share/texmf/tex/generic/pgf/systemlayer/pgfsysprotocol.code.tex
File: pgfsysprotocol.code.tex 2006/10/16  (rcs-revision 1.4)
))
(/usr/share/texmf/tex/latex/xcolor/xcolor.sty
Package: xcolor 2007/01/21 v2.11 LaTeX color extensions (UK)

(/etc/texmf/tex/latex/config/color.cfg
File: color.cfg 2007/01/18 v1.5 color configuration of teTeX/TeXLive
)
Package xcolor Info: Driver file: pdftex.def on input line 225.
Package xcolor Info: Model `cmy' substituted by `cmy0' on input line 1337.
Package xcolor Info: Model `hsb' substituted by `rgb' on input line 1341.
Package xcolor Info: Model `RGB' extended on input line 1353.
Package xcolor Info: Model `HTML' substituted by `rgb' on input line 1355.
Package xcolor Info: Model `Hsb' substituted by `hsb' on input line 1356.
Package xcolor Info: Model `tHsb' substituted by `hsb' on input line 1357.
Package xcolor Info: Model `HSB' substituted by `hsb' on input line 1358.
Package xcolor Info: Model `Gray' substituted by `gray' on input line 1359.
Package xcolor Info: Model `wave' substituted by `hsb' on input line 1360.

(/usr/share/texmf-texlive/tex/latex/graphics/dvipsnam.def
File: dvipsnam.def 1999/02/16 v3.0i Driver-dependant file (DPC,SPQR)
))
(/usr/share/texmf/tex/generic/pgf/basiclayer/pgfcore.code.tex
Package: pgfcore 2010/04/11 v2.10 (rcs-revision 1.7)

(/usr/share/texmf/tex/generic/pgf/math/pgfmath.code.tex
(/usr/share/texmf/tex/generic/pgf/math/pgfmathcalc.code.tex
(/usr/share/texmf/tex/generic/pgf/math/pgfmathutil.code.tex)
(/usr/share/texmf/tex/generic/pgf/math/pgfmathparser.code.tex
\pgfmath@dimen=\dimen133
\pgfmath@count=\count112
\pgfmath@box=\box35
\pgfmath@toks=\toks20
\pgfmath@stack@operand=\toks21
\pgfmath@stack@operation=\toks22
)
(/usr/share/texmf/tex/generic/pgf/math/pgfmathfunctions.code.tex
(/usr/share/texmf/tex/generic/pgf/math/pgfmathfunctions.basic.code.tex)
(/usr/share/texmf/tex/generic/pgf/math/pgfmathfunctions.trigonometric.code.tex)
(/usr/share/texmf/tex/generic/pgf/math/pgfmathfunctions.random.code.tex)
(/usr/share/texmf/tex/generic/pgf/math/pgfmathfunctions.comparison.code.tex)
(/usr/share/texmf/tex/generic/pgf/math/pgfmathfunctions.base.code.tex)
(/usr/share/texmf/tex/generic/pgf/math/pgfmathfunctions.round.code.tex)
(/usr/share/texmf/tex/generic/pgf/math/pgfmathfunctions.misc.code.tex)))
(/usr/share/texmf/tex/generic/pgf/math/pgfmathfloat.code.tex
\c@pgfmathroundto@lastzeros=\count113
))
(/usr/share/texmf/tex/generic/pgf/basiclayer/pgfcorepoints.code.tex
File: pgfcorepoints.code.tex 2010/04/09  (rcs-revision 1.20)
\pgf@picminx=\dimen134
\pgf@picmaxx=\dimen135
\pgf@picminy=\dimen136
\pgf@picmaxy=\dimen137
\pgf@pathminx=\dimen138
\pgf@pathmaxx=\dimen139
\pgf@pathminy=\dimen140
\pgf@pathmaxy=\dimen141
\pgf@xx=\dimen142
\pgf@xy=\dimen143
\pgf@yx=\dimen144
\pgf@yy=\dimen145
\pgf@zx=\dimen146
\pgf@zy=\dimen147
)
(/usr/share/texmf/tex/generic/pgf/basiclayer/pgfcorepathconstruct.code.tex
File: pgfcorepathconstruct.code.tex 2010/08/03  (rcs-revision 1.24)
\pgf@path@lastx=\dimen148
\pgf@path@lasty=\dimen149
)
(/usr/share/texmf/tex/generic/pgf/basiclayer/pgfcorepathusage.code.tex
File: pgfcorepathusage.code.tex 2008/04/22  (rcs-revision 1.12)
\pgf@shorten@end@additional=\dimen150
\pgf@shorten@start@additional=\dimen151
)
(/usr/share/texmf/tex/generic/pgf/basiclayer/pgfcorescopes.code.tex
File: pgfcorescopes.code.tex 2010/09/08  (rcs-revision 1.34)
\pgfpic=\box36
\pgf@hbox=\box37
\pgf@layerbox@main=\box38
\pgf@picture@serial@count=\count114
)
(/usr/share/texmf/tex/generic/pgf/basiclayer/pgfcoregraphicstate.code.tex
File: pgfcoregraphicstate.code.tex 2008/04/22  (rcs-revision 1.9)
\pgflinewidth=\dimen152
)
(/usr/share/texmf/tex/generic/pgf/basiclayer/pgfcoretransformations.code.tex
File: pgfcoretransformations.code.tex 2009/06/10  (rcs-revision 1.11)
\pgf@pt@x=\dimen153
\pgf@pt@y=\dimen154
\pgf@pt@temp=\dimen155
)
(/usr/share/texmf/tex/generic/pgf/basiclayer/pgfcorequick.code.tex
File: pgfcorequick.code.tex 2008/10/09  (rcs-revision 1.3)
)
(/usr/share/texmf/tex/generic/pgf/basiclayer/pgfcoreobjects.code.tex
File: pgfcoreobjects.code.tex 2006/10/11  (rcs-revision 1.2)
)
(/usr/share/texmf/tex/generic/pgf/basiclayer/pgfcorepathprocessing.code.tex
File: pgfcorepathprocessing.code.tex 2008/10/09  (rcs-revision 1.8)
)
(/usr/share/texmf/tex/generic/pgf/basiclayer/pgfcorearrows.code.tex
File: pgfcorearrows.code.tex 2008/04/23  (rcs-revision 1.11)
)
(/usr/share/texmf/tex/generic/pgf/basiclayer/pgfcoreshade.code.tex
File: pgfcoreshade.code.tex 2008/11/23  (rcs-revision 1.13)
\pgf@max=\dimen156
\pgf@sys@shading@range@num=\count115
)
(/usr/share/texmf/tex/generic/pgf/basiclayer/pgfcoreimage.code.tex
File: pgfcoreimage.code.tex 2010/03/25  (rcs-revision 1.16)

(/usr/share/texmf/tex/generic/pgf/basiclayer/pgfcoreexternal.code.tex
File: pgfcoreexternal.code.tex 2010/09/01  (rcs-revision 1.17)
\pgfexternal@startupbox=\box39
))
(/usr/share/texmf/tex/generic/pgf/basiclayer/pgfcorelayers.code.tex
File: pgfcorelayers.code.tex 2010/08/27  (rcs-revision 1.2)
)
(/usr/share/texmf/tex/generic/pgf/basiclayer/pgfcoretransparency.code.tex
File: pgfcoretransparency.code.tex 2008/01/17  (rcs-revision 1.2)
)
(/usr/share/texmf/tex/generic/pgf/basiclayer/pgfcorepatterns.code.tex
File: pgfcorepatterns.code.tex 2009/07/02  (rcs-revision 1.3)
)))
(/usr/share/texmf/tex/latex/pgf/utilities/xxcolor.sty
Package: xxcolor 2003/10/24 ver 0.1
\XC@nummixins=\count116
\XC@countmixins=\count117
)
(/usr/share/texmf-texlive/tex/latex/hyperref/hyperref.sty
Package: hyperref 2009/10/09 v6.79a Hypertext links for LaTeX

(/usr/share/texmf-texlive/tex/generic/ifxetex/ifxetex.sty
Package: ifxetex 2009/01/23 v0.5 Provides ifxetex conditional
)
(/usr/share/texmf-texlive/tex/latex/oberdiek/hycolor.sty
Package: hycolor 2009/10/02 v1.5 Code for color options of hyperref/bookmark (H
O)

(/usr/share/texmf-texlive/tex/latex/oberdiek/xcolor-patch.sty
Package: xcolor-patch 2009/10/02 xcolor patch
))
\@linkdim=\dimen157
\Hy@linkcounter=\count118
\Hy@pagecounter=\count119

(/usr/share/texmf-texlive/tex/latex/hyperref/pd1enc.def
File: pd1enc.def 2009/10/09 v6.79a Hyperref: PDFDocEncoding definition (HO)
)
(/usr/share/texmf-texlive/tex/generic/oberdiek/etexcmds.sty
Package: etexcmds 2007/12/12 v1.2 Prefix for e-TeX command names (HO)

(/usr/share/texmf-texlive/tex/generic/oberdiek/infwarerr.sty
Package: infwarerr 2007/09/09 v1.2 Providing info/warning/message (HO)
)
Package etexcmds Info: Could not find \expanded.
(etexcmds)             That can mean that you are not using pdfTeX 1.50 or
(etexcmds)             that some package has redefined \expanded.
(etexcmds)             In the latter case, load this package earlier.
)
(/usr/share/texmf-texlive/tex/latex/latexconfig/hyperref.cfg
File: hyperref.cfg 2002/06/06 v1.2 hyperref configuration of TeXLive
)
(/usr/share/texmf-texlive/tex/latex/oberdiek/kvoptions.sty
Package: kvoptions 2009/08/13 v3.4 Keyval support for LaTeX options (HO)

(/usr/share/texmf-texlive/tex/generic/oberdiek/kvsetkeys.sty
Package: kvsetkeys 2009/07/30 v1.5 Key value parser with default handler suppor
t (HO)
))
Package hyperref Info: Option `bookmarks' set `true' on input line 2864.
Package hyperref Info: Option `bookmarksopen' set `true' on input line 2864.
Package hyperref Info: Option `implicit' set `false' on input line 2864.
Package hyperref Info: Hyper figures OFF on input line 2975.
Package hyperref Info: Link nesting OFF on input line 2980.
Package hyperref Info: Hyper index ON on input line 2983.
Package hyperref Info: Plain pages OFF on input line 2990.
Package hyperref Info: Backreferencing OFF on input line 2995.

Implicit mode OFF; no redefinition of LaTeX internals
Package hyperref Info: Bookmarks ON on input line 3191.
(/usr/share/texmf-texlive/tex/latex/ltxmisc/url.sty
\Urlmuskip=\muskip10
Package: url 2006/04/12  ver 3.3  Verb mode for urls, etc.
)
LaTeX Info: Redefining \url on input line 3428.

(/usr/share/texmf-texlive/tex/generic/oberdiek/bitset.sty
Package: bitset 2007/09/28 v1.0 Data type bit set (HO)

(/usr/share/texmf-texlive/tex/generic/oberdiek/intcalc.sty
Package: intcalc 2007/09/27 v1.1 Expandable integer calculations (HO)
)
(/usr/share/texmf-texlive/tex/generic/oberdiek/bigintcalc.sty
Package: bigintcalc 2007/11/11 v1.1 Expandable big integer calculations (HO)

(/usr/share/texmf-texlive/tex/generic/oberdiek/pdftexcmds.sty
Package: pdftexcmds 2009/09/23 v0.6 LuaTeX support for pdfTeX utility functions
 (HO)

(/usr/share/texmf-texlive/tex/generic/oberdiek/ifluatex.sty
Package: ifluatex 2009/04/17 v1.2 Provides the ifluatex switch (HO)
Package ifluatex Info: LuaTeX not detected.
)
(/usr/share/texmf-texlive/tex/generic/oberdiek/ltxcmds.sty
Package: ltxcmds 2009/08/05 v1.0 Some LaTeX kernel commands for general use (HO
)
)
Package pdftexcmds Info: LuaTeX not detected.
Package pdftexcmds Info: \pdf@primitive is available.
Package pdftexcmds Info: \pdf@ifprimitive is available.
)))
\Fld@menulength=\count120
\Field@Width=\dimen158
\Fld@charsize=\dimen159
\Field@toks=\toks23
Package hyperref Info: Hyper figures OFF on input line 4377.
Package hyperref Info: Link nesting OFF on input line 4382.
Package hyperref Info: Hyper index ON on input line 4385.
Package hyperref Info: backreferencing OFF on input line 4392.
Package hyperref Info: Link coloring OFF on input line 4397.
Package hyperref Info: Link coloring with OCG OFF on input line 4402.
Package hyperref Info: PDF/A mode OFF on input line 4407.

(/usr/share/texmf-texlive/tex/generic/oberdiek/atbegshi.sty
Package: atbegshi 2008/07/31 v1.9 At begin shipout hook (HO)
)
\Hy@abspage=\count121

Hyperref stopped early
)
*hyperref using default driver hpdftex*
(/usr/share/texmf-texlive/tex/latex/hyperref/hpdftex.def
File: hpdftex.def 2009/10/09 v6.79a Hyperref driver for pdfTeX
\Fld@listcount=\count122
)
(/usr/share/texmf/tex/latex/beamer/base/beamerbaserequires.sty
Package: beamerbaserequires 2010/05/01  (rcs-revision efa082c6111d)

(/usr/share/texmf/tex/latex/beamer/base/beamerbasecompatibility.sty
Package: beamerbasecompatibility 2010/07/12  (rcs-revision 6648c3177e4e)
)
(/usr/share/texmf/tex/latex/beamer/base/beamerbasefont.sty
Package: beamerbasefont 2010/05/10  (rcs-revision cd36e8a33c6b)

(/usr/share/texmf-texlive/tex/latex/amsfonts/amssymb.sty
Package: amssymb 2009/06/22 v3.00

(/usr/share/texmf-texlive/tex/latex/amsfonts/amsfonts.sty
Package: amsfonts 2009/06/22 v3.00 Basic AMSFonts support
\@emptytoks=\toks24
\symAMSa=\mathgroup4
\symAMSb=\mathgroup5
LaTeX Font Info:    Overwriting math alphabet `\mathfrak' in version `bold'
(Font)                  U/euf/m/n --> U/euf/b/n on input line 96.
)))
(/usr/share/texmf/tex/latex/beamer/base/beamerbasetranslator.sty
Package: beamerbasetranslator 2010/06/11  (rcs-revision 85fd1cc7fc42)

(/usr/share/texmf/tex/latex/beamer/base/translator/translator.sty
Package: translator 2010/06/12 ver 1.10

(/usr/share/texmf/tex/latex/beamer/base/translator/translator-language-mappings
.tex))) (/usr/share/texmf/tex/latex/beamer/base/beamerbasemisc.sty
Package: beamerbasemisc 2010/06/06  (rcs-revision bff0a9294b45)
)
(/usr/share/texmf/tex/latex/beamer/base/beamerbasetwoscreens.sty
Package: beamerbasetwoscreens 2010/05/01  (rcs-revision efa082c6111d)
)
(/usr/share/texmf/tex/latex/beamer/base/beamerbaseoverlay.sty
Package: beamerbaseoverlay 2010/05/07  (rcs-revision 5584dad462a9)
\beamer@argscount=\count123
\beamer@lastskipcover=\skip44
\beamer@trivlistdepth=\count124
)
(/usr/share/texmf/tex/latex/beamer/base/beamerbasetitle.sty
Package: beamerbasetitle 2010/06/12  (rcs-revision 717e481ca47a)
)
(/usr/share/texmf/tex/latex/beamer/base/beamerbasesection.sty
Package: beamerbasesection 2010/06/17  (rcs-revision e0d9401bb743)
\c@lecture=\count125
\c@part=\count126
\c@section=\count127
\c@subsection=\count128
\c@subsubsection=\count129
)
(/usr/share/texmf/tex/latex/beamer/base/beamerbaseframe.sty
Package: beamerbaseframe 2010/06/06  (rcs-revision bff0a9294b45)
\beamer@framebox=\box40
\beamer@frametitlebox=\box41
\beamer@zoombox=\box42
\beamer@zoomcount=\count130
\beamer@zoomframecount=\count131
\beamer@frametextheight=\dimen160
\c@subsectionslide=\count132
\beamer@frametopskip=\skip45
\beamer@framebottomskip=\skip46
\beamer@frametopskipautobreak=\skip47
\beamer@framebottomskipautobreak=\skip48
\beamer@envbody=\toks25
\c@framenumber=\count133
)
(/usr/share/texmf/tex/latex/beamer/base/beamerbaseverbatim.sty
Package: beamerbaseverbatim 2010/05/01  (rcs-revision efa082c6111d)
\beamer@verbatimfileout=\write4
)
(/usr/share/texmf/tex/latex/beamer/base/beamerbaseframesize.sty
Package: beamerbaseframesize 2010/06/27  (rcs-revision 6baa2d92e6f1)
\beamer@splitbox=\box43
\beamer@autobreakcount=\count134
\beamer@autobreaklastheight=\dimen161
\beamer@frametitletoks=\toks26
\beamer@framesubtitletoks=\toks27
)
(/usr/share/texmf/tex/latex/beamer/base/beamerbaseframecomponents.sty
Package: beamerbaseframecomponents 2010/07/12  (rcs-revision 09e82992d9b1)
\beamer@footins=\box44
)
(/usr/share/texmf/tex/latex/beamer/base/beamerbasecolor.sty
Package: beamerbasecolor 2010/06/06  (rcs-revision d1a9b48be06d)
)
(/usr/share/texmf/tex/latex/beamer/base/beamerbasenotes.sty
Package: beamerbasenotes 2010/05/01  (rcs-revision efa082c6111d)
\beamer@frameboxcopy=\box45
)
(/usr/share/texmf/tex/latex/beamer/base/beamerbasetoc.sty
Package: beamerbasetoc 2010/06/11  (rcs-revision 242ecaa6783b)
)
(/usr/share/texmf/tex/latex/beamer/base/beamerbasetemplates.sty
Package: beamerbasetemplates 2010/05/01  (rcs-revision efa082c6111d)
\beamer@sbttoks=\toks28

(/usr/share/texmf/tex/latex/beamer/base/beamerbaseauxtemplates.sty
Package: beamerbaseauxtemplates 2010/05/01  (rcs-revision efa082c6111d)

(/usr/share/texmf/tex/latex/beamer/base/beamerbaseboxes.sty
Package: beamerbaseboxes 2010/05/01  (rcs-revision efa082c6111d)
\bmb@box=\box46
\bmb@colorbox=\box47
\bmb@boxshadow=\box48
\bmb@boxshadowball=\box49
\bmb@boxshadowballlarge=\box50
\bmb@temp=\dimen162
\bmb@dima=\dimen163
\bmb@dimb=\dimen164
\bmb@prevheight=\dimen165
)
\beamer@blockheadheight=\dimen166
))
(/usr/share/texmf/tex/latex/beamer/base/beamerbaselocalstructure.sty
Package: beamerbaselocalstructure 2010/06/01  (rcs-revision 81f9e33f7cc2)

(/usr/share/texmf-texlive/tex/latex/tools/enumerate.sty
Package: enumerate 1999/03/05 v3.00 enumerate extensions (DPC)
\@enLab=\toks29
)
\c@figure=\count135
\c@table=\count136
\abovecaptionskip=\skip49
\belowcaptionskip=\skip50
)
(/usr/share/texmf/tex/latex/beamer/base/beamerbasenavigation.sty
Package: beamerbasenavigation 2010/05/01  (rcs-revision efa082c6111d)
)
(/usr/share/texmf/tex/latex/beamer/base/beamerbasetheorems.sty
Package: beamerbasetheorems 2010/06/06  (rcs-revision 7e7cc5e53e9d)

(/usr/share/texmf-texlive/tex/latex/amsmath/amsmath.sty
Package: amsmath 2000/07/18 v2.13 AMS math features
\@mathmargin=\skip51

For additional information on amsmath, use the `?' option.
(/usr/share/texmf-texlive/tex/latex/amsmath/amstext.sty
Package: amstext 2000/06/29 v2.01

(/usr/share/texmf-texlive/tex/latex/amsmath/amsgen.sty
File: amsgen.sty 1999/11/30 v2.0
\@emptytoks=\toks30
\ex@=\dimen167
))
(/usr/share/texmf-texlive/tex/latex/amsmath/amsbsy.sty
Package: amsbsy 1999/11/29 v1.2d
\pmbraise@=\dimen168
)
(/usr/share/texmf-texlive/tex/latex/amsmath/amsopn.sty
Package: amsopn 1999/12/14 v2.01 operator names
)
\inf@bad=\count137
LaTeX Info: Redefining \frac on input line 211.
\uproot@=\count138
\leftroot@=\count139
LaTeX Info: Redefining \overline on input line 307.
\classnum@=\count140
\DOTSCASE@=\count141
LaTeX Info: Redefining \ldots on input line 379.
LaTeX Info: Redefining \dots on input line 382.
LaTeX Info: Redefining \cdots on input line 467.
\Mathstrutbox@=\box51
\strutbox@=\box52
\big@size=\dimen169
LaTeX Font Info:    Redeclaring font encoding OML on input line 567.
LaTeX Font Info:    Redeclaring font encoding OMS on input line 568.
\macc@depth=\count142
\c@MaxMatrixCols=\count143
\dotsspace@=\muskip11
\c@parentequation=\count144
\dspbrk@lvl=\count145
\tag@help=\toks31
\row@=\count146
\column@=\count147
\maxfields@=\count148
\andhelp@=\toks32
\eqnshift@=\dimen170
\alignsep@=\dimen171
\tagshift@=\dimen172
\tagwidth@=\dimen173
\totwidth@=\dimen174
\lineht@=\dimen175
\@envbody=\toks33
\multlinegap=\skip52
\multlinetaggap=\skip53
\mathdisplay@stack=\toks34
LaTeX Info: Redefining \[ on input line 2666.
LaTeX Info: Redefining \] on input line 2667.
)
(/usr/share/texmf-texlive/tex/latex/amscls/amsthm.sty
Package: amsthm 2004/08/06 v2.20
\thm@style=\toks35
\thm@bodyfont=\toks36
\thm@headfont=\toks37
\thm@notefont=\toks38
\thm@headpunct=\toks39
\thm@preskip=\skip54
\thm@postskip=\skip55
\thm@headsep=\skip56
\dth@everypar=\toks40
)
\c@theorem=\count149
)
(/usr/share/texmf/tex/latex/beamer/base/beamerbasethemes.sty
Package: beamerbasethemes 2010/05/01  (rcs-revision efa082c6111d)
))
(/usr/share/texmf/tex/latex/beamer/base/themes/theme/beamerthemedefault.sty
Package: beamerthemedefault 2010/06/17  (rcs-revision d02a7cf4d8ae)

(/usr/share/texmf/tex/latex/beamer/base/themes/font/beamerfontthemedefault.sty
Package: beamerfontthemedefault 2010/06/17  (rcs-revision d02a7cf4d8ae)
)
(/usr/share/texmf/tex/latex/beamer/base/themes/color/beamercolorthemedefault.st
y
Package: beamercolorthemedefault 2010/06/17  (rcs-revision d02a7cf4d8ae)
)
(/usr/share/texmf/tex/latex/beamer/base/themes/inner/beamerinnerthemedefault.st
y
Package: beamerinnerthemedefault 2010/06/17  (rcs-revision d02a7cf4d8ae)
\beamer@dima=\dimen176
\beamer@dimb=\dimen177
)
(/usr/share/texmf/tex/latex/beamer/base/themes/outer/beamerouterthemedefault.st
y
Package: beamerouterthemedefault 2010/06/17  (rcs-revision d02a7cf4d8ae)
))) (/usr/share/texmf-texlive/tex/generic/babel/babel.sty
Package: babel 2008/07/06 v3.8l The Babel package

(/usr/share/texmf-texlive/tex/generic/babel/english.ldf
Language: english 2005/03/30 v3.3o English support from the babel system

(/usr/share/texmf-texlive/tex/generic/babel/babel.def
File: babel.def 2008/07/06 v3.8l Babel common definitions
LaTeX Info: Redefining \textlatin on input line 82.
\babel@savecnt=\count150
\U@D=\dimen178
)
\l@british = a dialect from \language\l@english 
\l@UKenglish = a dialect from \language\l@english 
\l@canadian = a dialect from \language\l@american 
\l@australian = a dialect from \language\l@british 
\l@newzealand = a dialect from \language\l@british 
))
(/usr/share/texmf-texlive/tex/latex/base/inputenc.sty
Package: inputenc 2008/03/30 v1.1d Input encoding file
\inpenc@prehook=\toks41
\inpenc@posthook=\toks42

(/usr/share/texmf-texlive/tex/latex/base/utf8.def
File: utf8.def 2008/04/05 v1.1m UTF-8 support for inputenc
Now handling font encoding OML ...
... no UTF-8 mapping file for font encoding OML
Now handling font encoding T1 ...
... processing UTF-8 mapping file for font encoding T1

(/usr/share/texmf-texlive/tex/latex/base/t1enc.dfu
File: t1enc.dfu 2008/04/05 v1.1m UTF-8 support for inputenc
   defining Unicode char U+00A1 (decimal 161)
   defining Unicode char U+00A3 (decimal 163)
   defining Unicode char U+00AB (decimal 171)
   defining Unicode char U+00BB (decimal 187)
   defining Unicode char U+00BF (decimal 191)
   defining Unicode char U+00C0 (decimal 192)
   defining Unicode char U+00C1 (decimal 193)
   defining Unicode char U+00C2 (decimal 194)
   defining Unicode char U+00C3 (decimal 195)
   defining Unicode char U+00C4 (decimal 196)
   defining Unicode char U+00C5 (decimal 197)
   defining Unicode char U+00C6 (decimal 198)
   defining Unicode char U+00C7 (decimal 199)
   defining Unicode char U+00C8 (decimal 200)
   defining Unicode char U+00C9 (decimal 201)
   defining Unicode char U+00CA (decimal 202)
   defining Unicode char U+00CB (decimal 203)
   defining Unicode char U+00CC (decimal 204)
   defining Unicode char U+00CD (decimal 205)
   defining Unicode char U+00CE (decimal 206)
   defining Unicode char U+00CF (decimal 207)
   defining Unicode char U+00D0 (decimal 208)
   defining Unicode char U+00D1 (decimal 209)
   defining Unicode char U+00D2 (decimal 210)
   defining Unicode char U+00D3 (decimal 211)
   defining Unicode char U+00D4 (decimal 212)
   defining Unicode char U+00D5 (decimal 213)
   defining Unicode char U+00D6 (decimal 214)
   defining Unicode char U+00D8 (decimal 216)
   defining Unicode char U+00D9 (decimal 217)
   defining Unicode char U+00DA (decimal 218)
   defining Unicode char U+00DB (decimal 219)
   defining Unicode char U+00DC (decimal 220)
   defining Unicode char U+00DD (decimal 221)
   defining Unicode char U+00DE (decimal 222)
   defining Unicode char U+00DF (decimal 223)
   defining Unicode char U+00E0 (decimal 224)
   defining Unicode char U+00E1 (decimal 225)
   defining Unicode char U+00E2 (decimal 226)
   defining Unicode char U+00E3 (decimal 227)
   defining Unicode char U+00E4 (decimal 228)
   defining Unicode char U+00E5 (decimal 229)
   defining Unicode char U+00E6 (decimal 230)
   defining Unicode char U+00E7 (decimal 231)
   defining Unicode char U+00E8 (decimal 232)
   defining Unicode char U+00E9 (decimal 233)
   defining Unicode char U+00EA (decimal 234)
   defining Unicode char U+00EB (decimal 235)
   defining Unicode char U+00EC (decimal 236)
   defining Unicode char U+00ED (decimal 237)
   defining Unicode char U+00EE (decimal 238)
   defining Unicode char U+00EF (decimal 239)
   defining Unicode char U+00F0 (decimal 240)
   defining Unicode char U+00F1 (decimal 241)
   defining Unicode char U+00F2 (decimal 242)
   defining Unicode char U+00F3 (decimal 243)
   defining Unicode char U+00F4 (decimal 244)
   defining Unicode char U+00F5 (decimal 245)
   defining Unicode char U+00F6 (decimal 246)
   defining Unicode char U+00F8 (decimal 248)
   defining Unicode char U+00F9 (decimal 249)
   defining Unicode char U+00FA (decimal 250)
   defining Unicode char U+00FB (decimal 251)
   defining Unicode char U+00FC (decimal 252)
   defining Unicode char U+00FD (decimal 253)
   defining Unicode char U+00FE (decimal 254)
   defining Unicode char U+00FF (decimal 255)
   defining Unicode char U+0102 (decimal 258)
   defining Unicode char U+0103 (decimal 259)
   defining Unicode char U+0104 (decimal 260)
   defining Unicode char U+0105 (decimal 261)
   defining Unicode char U+0106 (decimal 262)
   defining Unicode char U+0107 (decimal 263)
   defining Unicode char U+010C (decimal 268)
   defining Unicode char U+010D (decimal 269)
   defining Unicode char U+010E (decimal 270)
   defining Unicode char U+010F (decimal 271)
   defining Unicode char U+0110 (decimal 272)
   defining Unicode char U+0111 (decimal 273)
   defining Unicode char U+0118 (decimal 280)
   defining Unicode char U+0119 (decimal 281)
   defining Unicode char U+011A (decimal 282)
   defining Unicode char U+011B (decimal 283)
   defining Unicode char U+011E (decimal 286)
   defining Unicode char U+011F (decimal 287)
   defining Unicode char U+0130 (decimal 304)
   defining Unicode char U+0131 (decimal 305)
   defining Unicode char U+0132 (decimal 306)
   defining Unicode char U+0133 (decimal 307)
   defining Unicode char U+0139 (decimal 313)
   defining Unicode char U+013A (decimal 314)
   defining Unicode char U+013D (decimal 317)
   defining Unicode char U+013E (decimal 318)
   defining Unicode char U+0141 (decimal 321)
   defining Unicode char U+0142 (decimal 322)
   defining Unicode char U+0143 (decimal 323)
   defining Unicode char U+0144 (decimal 324)
   defining Unicode char U+0147 (decimal 327)
   defining Unicode char U+0148 (decimal 328)
   defining Unicode char U+014A (decimal 330)
   defining Unicode char U+014B (decimal 331)
   defining Unicode char U+0150 (decimal 336)
   defining Unicode char U+0151 (decimal 337)
   defining Unicode char U+0152 (decimal 338)
   defining Unicode char U+0153 (decimal 339)
   defining Unicode char U+0154 (decimal 340)
   defining Unicode char U+0155 (decimal 341)
   defining Unicode char U+0158 (decimal 344)
   defining Unicode char U+0159 (decimal 345)
   defining Unicode char U+015A (decimal 346)
   defining Unicode char U+015B (decimal 347)
   defining Unicode char U+015E (decimal 350)
   defining Unicode char U+015F (decimal 351)
   defining Unicode char U+0160 (decimal 352)
   defining Unicode char U+0161 (decimal 353)
   defining Unicode char U+0162 (decimal 354)
   defining Unicode char U+0163 (decimal 355)
   defining Unicode char U+0164 (decimal 356)
   defining Unicode char U+0165 (decimal 357)
   defining Unicode char U+016E (decimal 366)
   defining Unicode char U+016F (decimal 367)
   defining Unicode char U+0170 (decimal 368)
   defining Unicode char U+0171 (decimal 369)
   defining Unicode char U+0178 (decimal 376)
   defining Unicode char U+0179 (decimal 377)
   defining Unicode char U+017A (decimal 378)
   defining Unicode char U+017B (decimal 379)
   defining Unicode char U+017C (decimal 380)
   defining Unicode char U+017D (decimal 381)
   defining Unicode char U+017E (decimal 382)
   defining Unicode char U+200C (decimal 8204)
   defining Unicode char U+2013 (decimal 8211)
   defining Unicode char U+2014 (decimal 8212)
   defining Unicode char U+2018 (decimal 8216)
   defining Unicode char U+2019 (decimal 8217)
   defining Unicode char U+201A (decimal 8218)
   defining Unicode char U+201C (decimal 8220)
   defining Unicode char U+201D (decimal 8221)
   defining Unicode char U+201E (decimal 8222)
   defining Unicode char U+2030 (decimal 8240)
   defining Unicode char U+2031 (decimal 8241)
   defining Unicode char U+2039 (decimal 8249)
   defining Unicode char U+203A (decimal 8250)
   defining Unicode char U+2423 (decimal 9251)
)
Now handling font encoding OT1 ...
... processing UTF-8 mapping file for font encoding OT1

(/usr/share/texmf-texlive/tex/latex/base/ot1enc.dfu
File: ot1enc.dfu 2008/04/05 v1.1m UTF-8 support for inputenc
   defining Unicode char U+00A1 (decimal 161)
   defining Unicode char U+00A3 (decimal 163)
   defining Unicode char U+00B8 (decimal 184)
   defining Unicode char U+00BF (decimal 191)
   defining Unicode char U+00C5 (decimal 197)
   defining Unicode char U+00C6 (decimal 198)
   defining Unicode char U+00D8 (decimal 216)
   defining Unicode char U+00DF (decimal 223)
   defining Unicode char U+00E6 (decimal 230)
   defining Unicode char U+00EC (decimal 236)
   defining Unicode char U+00ED (decimal 237)
   defining Unicode char U+00EE (decimal 238)
   defining Unicode char U+00EF (decimal 239)
   defining Unicode char U+00F8 (decimal 248)
   defining Unicode char U+0131 (decimal 305)
   defining Unicode char U+0141 (decimal 321)
   defining Unicode char U+0142 (decimal 322)
   defining Unicode char U+0152 (decimal 338)
   defining Unicode char U+0153 (decimal 339)
   defining Unicode char U+2013 (decimal 8211)
   defining Unicode char U+2014 (decimal 8212)
   defining Unicode char U+2018 (decimal 8216)
   defining Unicode char U+2019 (decimal 8217)
   defining Unicode char U+201C (decimal 8220)
   defining Unicode char U+201D (decimal 8221)
)
Now handling font encoding OMS ...
... processing UTF-8 mapping file for font encoding OMS

(/usr/share/texmf-texlive/tex/latex/base/omsenc.dfu
File: omsenc.dfu 2008/04/05 v1.1m UTF-8 support for inputenc
   defining Unicode char U+00A7 (decimal 167)
   defining Unicode char U+00B6 (decimal 182)
   defining Unicode char U+00B7 (decimal 183)
   defining Unicode char U+2020 (decimal 8224)
   defining Unicode char U+2021 (decimal 8225)
   defining Unicode char U+2022 (decimal 8226)
)
Now handling font encoding OMX ...
... no UTF-8 mapping file for font encoding OMX
Now handling font encoding U ...
... no UTF-8 mapping file for font encoding U
Now handling font encoding PD1 ...
... no UTF-8 mapping file for font encoding PD1
   defining Unicode char U+00A9 (decimal 169)
   defining Unicode char U+00AA (decimal 170)
   defining Unicode char U+00AE (decimal 174)
   defining Unicode char U+00BA (decimal 186)
   defining Unicode char U+02C6 (decimal 710)
   defining Unicode char U+02DC (decimal 732)
   defining Unicode char U+200C (decimal 8204)
   defining Unicode char U+2026 (decimal 8230)
   defining Unicode char U+2122 (decimal 8482)
   defining Unicode char U+2423 (decimal 9251)
))
(/usr/share/texmf-texlive/tex/latex/pict2e/pict2e.sty
Package: pict2e 2009/08/05 v0.2x Improved picture commands (HjG,RN,JT)

(/etc/texmf/tex/latex/pict2e/pict2e.cfg
File: pict2e.cfg 2009/08/05 v0.1s pict2e configuration for teTeX/TeXLive
)
Package pict2e Info: Driver file: pdftex.def on input line 101.
Package pict2e Info: Driver file for pict2e: p2e-pdftex.def on input line 103.

(/usr/share/texmf-texlive/tex/latex/pict2e/p2e-pdftex.def
File: p2e-pdftex.def 2009/08/05 v0.1s Driver-dependant file (RN,HjG,JT)
)
\pIIe@GRAPH=\toks43
\@arclen=\dimen179
\@arcrad=\dimen180
\@tempdimd=\dimen181
)
(/usr/share/texmf-texlive/tex/latex/colortbl/colortbl.sty
Package: colortbl 2001/02/13 v0.1j Color table columns (DPC)

(/usr/share/texmf-texlive/tex/latex/tools/array.sty
Package: array 2008/09/09 v2.4c Tabular extension package (FMi)
\col@sep=\dimen182
\extrarowheight=\dimen183
\NC@list=\toks44
\extratabsurround=\skip57
\backup@length=\skip58
)
\everycr=\toks45
\minrowclearance=\skip59
)
(/usr/share/texmf-texlive/tex/latex/pdfpages/pdfpages.sty
Package: pdfpages 2009/02/07 v0.4g Insert pages of external PDF documents (AM)

(/usr/share/texmf-texlive/tex/latex/base/ifthen.sty
Package: ifthen 2001/05/26 v1.1c Standard LaTeX ifthen package (DPC)
)
(/usr/share/texmf-texlive/tex/latex/tools/calc.sty
Package: calc 2007/08/22 v4.3 Infix arithmetic (KKT,FJ)
\calc@Acount=\count151
\calc@Bcount=\count152
\calc@Adimen=\dimen184
\calc@Bdimen=\dimen185
\calc@Askip=\skip60
\calc@Bskip=\skip61
LaTeX Info: Redefining \setlength on input line 76.
LaTeX Info: Redefining \addtolength on input line 77.
\calc@Ccount=\count153
\calc@Cskip=\skip62
)
(/usr/share/texmf-texlive/tex/latex/eso-pic/eso-pic.sty
Package: eso-pic 2006/07/14 v1.1d eso-pic (RN)
)
(/usr/share/texmf-texlive/tex/latex/pdfpages/pppdftex.def
File: pppdftex.def 2009/02/07 v0.4g Pdfpages driver for pdfTeX (AM)
)
\AM@pagebox=\box53
\AM@toc@title=\toks46
\c@AM@survey=\count154
\AM@templatesizebox=\box54
)
(/usr/share/texmf-texlive/tex/latex/tools/verbatim.sty
Package: verbatim 2003/08/22 v1.5q LaTeX2e package for verbatim enhancements
\every@verbatim=\toks47
\verbatim@line=\toks48
\verbatim@in@stream=\read2
)
(/usr/share/texmf/tex/latex/pgf/basiclayer/pgf.sty
Package: pgf 2008/01/15 v2.10 (rcs-revision 1.12)

(/usr/share/texmf/tex/generic/pgf/modules/pgfmoduleshapes.code.tex
File: pgfmoduleshapes.code.tex 2010/09/09  (rcs-revision 1.13)
\pgfnodeparttextbox=\box55
)
(/usr/share/texmf/tex/generic/pgf/modules/pgfmoduleplot.code.tex
File: pgfmoduleplot.code.tex 2010/10/22  (rcs-revision 1.8)
)
(/usr/share/texmf/tex/latex/pgf/compatibility/pgfcomp-version-0-65.sty
Package: pgfcomp-version-0-65 2007/07/03 v2.10 (rcs-revision 1.7)
\pgf@nodesepstart=\dimen186
\pgf@nodesepend=\dimen187
)
(/usr/share/texmf/tex/latex/pgf/compatibility/pgfcomp-version-1-18.sty
Package: pgfcomp-version-1-18 2007/07/23 v2.10 (rcs-revision 1.1)
))
(/usr/share/texmf-texlive/tex/latex/base/latexsym.sty
Package: latexsym 1998/08/17 v2.2e Standard LaTeX package (lasy symbols)
\symlasy=\mathgroup6
LaTeX Font Info:    Overwriting symbol font `lasy' in version `bold'
(Font)                  U/lasy/m/n --> U/lasy/b/n on input line 47.
)
(/usr/share/texmf-texlive/tex/latex/carlisle/slashed.sty
Package: slashed 1997/01/16 v0.01 Feynman Slashed Character Notation (DPC)
)
(/usr/share/texmf-texlive/tex/latex/psnfss/bookman.sty
Package: bookman 2005/04/12 PSNFSS-v9.2a (SPQR) 
)
(/usr/share/texmf/tex/latex/beamer/base/themes/font/beamerfontthemeserif.sty
Package: beamerfontthemeserif 2010/06/17  (rcs-revision d02a7cf4d8ae)
)
(/home/antonella/Documents/Physics/mycommands.tex)
(/usr/share/texmf-texlive/tex/latex/booktabs/booktabs.sty
Package: booktabs 2005/04/14 v1.61803 publication quality tables
\heavyrulewidth=\dimen188
\lightrulewidth=\dimen189
\cmidrulewidth=\dimen190
\belowrulesep=\dimen191
\belowbottomsep=\dimen192
\aboverulesep=\dimen193
\abovetopsep=\dimen194
\cmidrulesep=\dimen195
\cmidrulekern=\dimen196
\defaultaddspace=\dimen197
\@cmidla=\count155
\@cmidlb=\count156
\@aboverulesep=\dimen198
\@belowrulesep=\dimen199
\@thisruleclass=\count157
\@lastruleclass=\count158
\@thisrulewidth=\dimen200
)
(/usr/share/texmf-texlive/tex/latex/multirow/multirow.sty
\bigstrutjot=\dimen201
)
(/usr/share/texmf-texlive/tex/latex/fancybox/fancybox.sty
Package: fancybox 2000/09/19 1.3

Style option: `fancybox' v1.3 <2000/09/19> (tvz)
\@fancybox=\box56
\shadowsize=\dimen202
\@Sbox=\box57
\do@VerbBox=\toks49
\the@fancyput=\toks50
\this@fancyput=\toks51
\EndVerbatimTokens=\toks52
\Verbatim@Outfile=\write5
\Verbatim@Infile=\read3
) (/usr/share/texmf-texlive/tex/latex/listings/listings.sty
\lst@mode=\count159
\lst@gtempboxa=\box58
\lst@token=\toks53
\lst@length=\count160
\lst@currlwidth=\dimen203
\lst@column=\count161
\lst@pos=\count162
\lst@lostspace=\dimen204
\lst@width=\dimen205
\lst@newlines=\count163
\lst@lineno=\count164
\lst@maxwidth=\dimen206

(/usr/share/texmf-texlive/tex/latex/listings/lstmisc.sty
File: lstmisc.sty 2007/02/22 1.4 (Carsten Heinz)
\c@lstnumber=\count165
\lst@skipnumbers=\count166
\lst@framebox=\box59
)
(/usr/share/texmf-texlive/tex/latex/listings/listings.cfg
File: listings.cfg 2007/02/22 1.4 listings configuration
))
Package: listings 2007/02/22 1.4 (Carsten Heinz)

(/usr/share/texmf-texlive/tex/latex/listings/lstlang1.sty
File: lstlang1.sty 2004/09/05 1.3 listings language file
)
(/usr/share/texmf-texlive/tex/latex/listings/lstmisc.sty
File: lstmisc.sty 2007/02/22 1.4 (Carsten Heinz)
)
(/usr/share/texmf/tex/latex/beamer/base/themes/theme/beamerthemeboxes.sty
Package: beamerthemeboxes 2010/06/17  (rcs-revision d02a7cf4d8ae)
\beamer@boxheadheight=\dimen207
\beamer@boxfootheight=\dimen208
\beamer@headboxes=\count167
\beamer@headboxsizes=\dimen209
\beamer@currentbox=\count168
\beamer@footboxes=\count169
\beamer@footboxsizes=\dimen210
)
(/usr/share/texmf/tex/latex/beamer/base/themes/color/beamercolorthemestructure.
sty
Package: beamercolorthemestructure 2010/06/17  (rcs-revision d02a7cf4d8ae)
)
Package hyperref Info: Option `colorlinks' set `true' on input line 86.


Package hyperref Warning: Token not allowed in a PDF string (PDFDocEncoding):
(hyperref)                removing `\\' on input line 150.


Package hyperref Warning: Token not allowed in a PDF string (PDFDocEncoding):
(hyperref)                removing `\new@ifnextchar' on input line 150.


Package hyperref Warning: Token not allowed in a PDF string (PDFDocEncoding):
(hyperref)                removing `\baselineskip' on input line 150.


Package hyperref Warning: Token not allowed in a PDF string (PDFDocEncoding):
(hyperref)                removing `\\' on input line 150.

(./succurro_heavyQuarksAtlas.aux)
\openout1 = `succurro_heavyQuarksAtlas.aux'.

LaTeX Font Info:    Checking defaults for OML/cmm/m/it on input line 155.
LaTeX Font Info:    ... okay on input line 155.
LaTeX Font Info:    Checking defaults for T1/cmr/m/n on input line 155.
LaTeX Font Info:    ... okay on input line 155.
LaTeX Font Info:    Checking defaults for OT1/cmr/m/n on input line 155.
LaTeX Font Info:    ... okay on input line 155.
LaTeX Font Info:    Checking defaults for OMS/cmsy/m/n on input line 155.
LaTeX Font Info:    ... okay on input line 155.
LaTeX Font Info:    Checking defaults for OMX/cmex/m/n on input line 155.
LaTeX Font Info:    ... okay on input line 155.
LaTeX Font Info:    Checking defaults for U/cmr/m/n on input line 155.
LaTeX Font Info:    ... okay on input line 155.
LaTeX Font Info:    Checking defaults for PD1/pdf/m/n on input line 155.
LaTeX Font Info:    ... okay on input line 155.
LaTeX Font Info:    Try loading font information for OT1+pbk on input line 155.


(/usr/share/texmf-texlive/tex/latex/psnfss/ot1pbk.fd
File: ot1pbk.fd 2001/06/04 font definitions for OT1/pbk.
)
LaTeX Font Info:    Font shape `OT1/pbk/m/n' in size <10> not available
(Font)              Font shape `OT1/pbk/l/n' tried instead on input line 155.

*geometry auto-detecting driver*
*geometry detected driver: pdftex*
-------------------- Geometry parameters
paper: user defined
landscape: --
twocolumn: --
twoside: --
asymmetric: --
h-parts: 5.69046pt, 352.81444pt, 5.69046pt
v-parts: 0.0pt, 273.14662pt, 0.0pt
hmarginratio: --
vmarginratio: --
lines: --
heightrounded: --
bindingoffset: 0.0pt
truedimen: --
includehead: true
includefoot: true
includemp: --
driver: pdftex
-------------------- Page layout dimensions and switches
\paperwidth  364.19536pt
\paperheight 273.14662pt
\textwidth  352.81444pt
\textheight 244.6939pt
\oddsidemargin  -66.57953pt
\evensidemargin -66.57953pt
\topmargin  -72.26999pt
\headheight 14.22636pt
\headsep    0.0pt
\footskip   14.22636pt
\marginparwidth 3.0pt
\marginparsep   11.0pt
\columnsep  10.0pt
\skip\footins  9.0pt plus 4.0pt minus 2.0pt
\hoffset 0.0pt
\voffset 0.0pt
\mag 1000

(1in=72.27pt, 1cm=28.45pt)
-----------------------
(/usr/share/texmf-texlive/tex/context/base/supp-pdf.mkii
[Loading MPS to PDF converter (version 2006.09.02).]
\scratchcounter=\count170
\scratchdimen=\dimen211
\scratchbox=\box60
\nofMPsegments=\count171
\nofMParguments=\count172
\everyMPshowfont=\toks54
\MPscratchCnt=\count173
\MPscratchDim=\dimen212
\MPnumerator=\count174
\everyMPtoPDFconversion=\toks55
) ABD: EveryShipout initializing macros
Package hyperref Info: Link coloring ON on input line 155.

(/usr/share/texmf-texlive/tex/latex/hyperref/nameref.sty
Package: nameref 2007/05/29 v2.31 Cross-referencing by name of section

(/usr/share/texmf-texlive/tex/latex/oberdiek/refcount.sty
Package: refcount 2008/08/11 v3.1 Data extraction from references (HO)
)
\c@section@level=\count175
)
LaTeX Info: Redefining \ref on input line 155.
LaTeX Info: Redefining \pageref on input line 155.

(./succurro_heavyQuarksAtlas.out) (./succurro_heavyQuarksAtlas.out)
\@outlinefile=\write6
\openout6 = `succurro_heavyQuarksAtlas.out'.

\AtBeginShipoutBox=\box61
\symnumbers=\mathgroup7
\sympureletters=\mathgroup8
LaTeX Font Info:    Overwriting math alphabet `\mathrm' in version `normal'
(Font)                  OT1/cmr/m/n --> OT1/pbk/m/n on input line 155.
LaTeX Font Info:    Redeclaring math alphabet \mathbf on input line 155.
LaTeX Font Info:    Overwriting math alphabet `\mathbf' in version `normal'
(Font)                  OT1/cmr/bx/n --> OT1/pbk/bx/n on input line 155.
LaTeX Font Info:    Overwriting math alphabet `\mathbf' in version `bold'
(Font)                  OT1/cmr/bx/n --> OT1/pbk/bx/n on input line 155.
LaTeX Font Info:    Redeclaring math alphabet \mathsf on input line 155.
LaTeX Font Info:    Overwriting math alphabet `\mathsf' in version `normal'
(Font)                  OT1/cmss/m/n --> OT1/pag/m/n on input line 155.
LaTeX Font Info:    Overwriting math alphabet `\mathsf' in version `bold'
(Font)                  OT1/cmss/bx/n --> OT1/pag/m/n on input line 155.
LaTeX Font Info:    Redeclaring math alphabet \mathit on input line 155.
LaTeX Font Info:    Overwriting math alphabet `\mathit' in version `normal'
(Font)                  OT1/cmr/m/it --> OT1/pbk/m/it on input line 155.
LaTeX Font Info:    Overwriting math alphabet `\mathit' in version `bold'
(Font)                  OT1/cmr/bx/it --> OT1/pbk/m/it on input line 155.
LaTeX Font Info:    Redeclaring math alphabet \mathtt on input line 155.
LaTeX Font Info:    Overwriting math alphabet `\mathtt' in version `normal'
(Font)                  OT1/cmtt/m/n --> OT1/pcr/m/n on input line 155.
LaTeX Font Info:    Overwriting math alphabet `\mathtt' in version `bold'
(Font)                  OT1/cmtt/m/n --> OT1/pcr/m/n on input line 155.
LaTeX Font Info:    Overwriting symbol font `numbers' in version `bold'
(Font)                  OT1/pbk/m/n --> OT1/pbk/bx/n on input line 155.
LaTeX Font Info:    Overwriting symbol font `pureletters' in version `bold'
(Font)                  OT1/pbk/m/it --> OT1/pbk/bx/it on input line 155.
LaTeX Font Info:    Overwriting math alphabet `\mathrm' in version `bold'
(Font)                  OT1/cmr/bx/n --> OT1/pbk/bx/n on input line 155.
LaTeX Font Info:    Overwriting math alphabet `\mathbf' in version `bold'
(Font)                  OT1/pbk/bx/n --> OT1/pbk/bx/n on input line 155.
LaTeX Font Info:    Overwriting math alphabet `\mathsf' in version `bold'
(Font)                  OT1/pag/m/n --> OT1/pag/bx/n on input line 155.
LaTeX Font Info:    Overwriting math alphabet `\mathit' in version `bold'
(Font)                  OT1/pbk/m/it --> OT1/pbk/bx/it on input line 155.
LaTeX Font Info:    Overwriting math alphabet `\mathtt' in version `bold'
(Font)                  OT1/pcr/m/n --> OT1/pcr/bx/n on input line 155.

(/usr/share/texmf/tex/latex/beamer/base/translator/dicts/translator-basic-dicti
onary/translator-basic-dictionary-English.dict
Dictionary: translator-basic-dictionary, Language: English 
)
(/usr/share/texmf/tex/latex/beamer/base/translator/dicts/translator-bibliograph
y-dictionary/translator-bibliography-dictionary-English.dict
Dictionary: translator-bibliography-dictionary, Language: English 
)
(/usr/share/texmf/tex/latex/beamer/base/translator/dicts/translator-environment
-dictionary/translator-environment-dictionary-English.dict
Dictionary: translator-environment-dictionary, Language: English 
)
(/usr/share/texmf/tex/latex/beamer/base/translator/dicts/translator-months-dict
ionary/translator-months-dictionary-English.dict
Dictionary: translator-months-dictionary, Language: English 
)
(/usr/share/texmf/tex/latex/beamer/base/translator/dicts/translator-numbers-dic
tionary/translator-numbers-dictionary-English.dict
Dictionary: translator-numbers-dictionary, Language: English 
)
(/usr/share/texmf/tex/latex/beamer/base/translator/dicts/translator-theorem-dic
tionary/translator-theorem-dictionary-English.dict
Dictionary: translator-theorem-dictionary, Language: English 
)
\c@lstlisting=\count176

(./succurro_heavyQuarksAtlas.nav)
LaTeX Font Info:    Font shape `OT1/pbk/m/n' in size <5> not available
(Font)              Font shape `OT1/pbk/l/n' tried instead on input line 155.
LaTeX Font Info:    Font shape `OT1/pbk/m/it' in size <5> not available
(Font)              Font shape `OT1/pbk/l/it' tried instead on input line 155.

<pics/atlasifae2.png, id=42, 326.018pt x 275.429pt>
File: pics/atlasifae2.png Graphic file (type png)
 <use pics/atlasifae2.png>
LaTeX Font Info:    Font shape `OT1/pbk/m/n' in size <7> not available
(Font)              Font shape `OT1/pbk/l/n' tried instead on input line 155.
LaTeX Font Info:    Font shape `OT1/pbk/m/n' in size <14.4> not available
(Font)              Font shape `OT1/pbk/l/n' tried instead on input line 166.
LaTeX Font Info:    Font shape `OT1/pbk/m/it' in size <10> not available
(Font)              Font shape `OT1/pbk/l/it' tried instead on input line 166.
LaTeX Font Info:    Font shape `OT1/pbk/m/it' in size <9> not available
(Font)              Font shape `OT1/pbk/l/it' tried instead on input line 166.
LaTeX Font Info:    Font shape `OT1/pbk/m/n' in size <4> not available
(Font)              Font shape `OT1/pbk/l/n' tried instead on input line 166.
File: pics/atlasifae2.png Graphic file (type png)

<use pics/atlasifae2.png> [1

{/var/lib/texmf/fonts/map/pdftex/updmap/pdftex.map} <./pics/atlasifae2.png>] (.
/succurro_heavyQuarksAtlas.toc
LaTeX Font Info:    Try loading font information for U+msa on input line 5.

(/usr/share/texmf-texlive/tex/latex/amsfonts/umsa.fd
File: umsa.fd 2009/06/22 v3.00 AMS symbols A
)
LaTeX Font Info:    Try loading font information for U+msb on input line 5.

(/usr/share/texmf-texlive/tex/latex/amsfonts/umsb.fd
File: umsb.fd 2009/06/22 v3.00 AMS symbols B
)
LaTeX Font Info:    Try loading font information for U+lasy on input line 5.

(/usr/share/texmf-texlive/tex/latex/base/ulasy.fd
File: ulasy.fd 1998/08/17 v2.2e LaTeX symbol font definitions
)
LaTeX Font Info:    Font shape `OT1/pbk/m/it' in size <7> not available
(Font)              Font shape `OT1/pbk/l/it' tried instead on input line 5.
)
File: pics/atlasifae2.png Graphic file (type png)
 <use pics/atlasifae2.png>
[2

]
File: pics/atlasifae2.png Graphic file (type png)
 <use pics/atlasifae2.png> [3

]
File: pics/atlasifae2.png Graphic file (type png)
 <use pics/atlasifae2.png> [4

 <./pics/xsecJA.png (PNG copy)> <./feynQQ.png (PNG copy)>]
File: pics/atlasifae2.png Graphic file (type png)
 <use pics/atlasifae2.png> [5

 <./pics/xsecJA.png (PNG copy)> <./feynQQ.png (PNG copy)>]
(./succurro_heavyQuarksAtlas.toc)
File: pics/atlasifae2.png Graphic file (type png)
 <use pics/atlasifae2.png> [6

]
LaTeX Font Info:    Font shape `OT1/pbk/bx/n' in size <7> not available
(Font)              Font shape `OT1/pbk/b/n' tried instead on input line 358.
LaTeX Font Info:    Font shape `OT1/pbk/b/n' in size <7> not available
(Font)              Font shape `OT1/pbk/db/n' tried instead on input line 358.
LaTeX Font Info:    Font shape `OT1/pbk/bx/n' in size <12> not available
(Font)              Font shape `OT1/pbk/b/n' tried instead on input line 358.
LaTeX Font Info:    Font shape `OT1/pbk/b/n' in size <12> not available
(Font)              Font shape `OT1/pbk/db/n' tried instead on input line 358.
LaTeX Font Info:    Font shape `OT1/pbk/m/n' in size <12> not available
(Font)              Font shape `OT1/pbk/l/n' tried instead on input line 358.
LaTeX Font Info:    Font shape `OT1/pbk/m/n' in size <8> not available
(Font)              Font shape `OT1/pbk/l/n' tried instead on input line 358.
LaTeX Font Info:    Font shape `OT1/pbk/m/n' in size <6> not available
(Font)              Font shape `OT1/pbk/l/n' tried instead on input line 358.
LaTeX Font Info:    Font shape `OT1/pbk/m/it' in size <12> not available
(Font)              Font shape `OT1/pbk/l/it' tried instead on input line 358.
LaTeX Font Info:    Font shape `OT1/pbk/m/it' in size <8> not available
(Font)              Font shape `OT1/pbk/l/it' tried instead on input line 358.
LaTeX Font Info:    Font shape `OT1/pbk/m/it' in size <6> not available
(Font)              Font shape `OT1/pbk/l/it' tried instead on input line 358.

Overfull \vbox (33.04471pt too high) detected at line 358
 []

File: pics/atlasifae2.png Graphic file (type png)
<use pics/atlasifae2.png> [7

 <./ztag/fig_02a.pdf> <./ztag/fig_02b.pdf>]
Overfull \vbox (33.04471pt too high) detected at line 358
 []

File: pics/atlasifae2.png Graphic file (type png)
<use pics/atlasifae2.png> [8

 <./ztag/fig_02a.pdf> <./ztag/fig_02b.pdf>]
Overfull \vbox (33.04471pt too high) detected at line 358
 []

File: pics/atlasifae2.png Graphic file (type png)
<use pics/atlasifae2.png> [9

 <./ztag/fig_02a.pdf> <./ztag/fig_02b.pdf>]
Overfull \vbox (33.04471pt too high) detected at line 358
 []

File: pics/atlasifae2.png Graphic file (type png)
<use pics/atlasifae2.png> [10

 <./ztag/fig_02a.pdf> <./ztag/fig_02b.pdf>]
Overfull \vbox (33.04471pt too high) detected at line 358
 []

File: pics/atlasifae2.png Graphic file (type png)
<use pics/atlasifae2.png> [11

 <./ztag/fig_02a.pdf> <./ztag/fig_02b.pdf>]
LaTeX Font Info:    Font shape `OT1/pbk/m/it' in size <14.4> not available
(Font)              Font shape `OT1/pbk/l/it' tried instead on input line 489.
LaTeX Font Info:    Font shape `OT1/pbk/m/n' in size <9> not available
(Font)              Font shape `OT1/pbk/l/n' tried instead on input line 489.

Overfull \vbox (4.42075pt too high) detected at line 489
 []

File: pics/atlasifae2.png Graphic file (type png)
<use pics/atlasifae2.png> [12

 <./pics/wbwb7tev.png>]
Overfull \vbox (4.42075pt too high) detected at line 489
 []

File: pics/atlasifae2.png Graphic file (type png)
<use pics/atlasifae2.png> [13

 <./pics/wbwb7tev.png>]
Overfull \vbox (4.42075pt too high) detected at line 489
 []

File: pics/atlasifae2.png Graphic file (type png)
<use pics/atlasifae2.png> [14

 <./pics/wbwb7tev.png>]
Overfull \vbox (4.42075pt too high) detected at line 489
 []

File: pics/atlasifae2.png Graphic file (type png)
<use pics/atlasifae2.png> [15

 <./pics/wbwb7tev.png>]
Overfull \vbox (4.42075pt too high) detected at line 489
 []

File: pics/atlasifae2.png Graphic file (type png)
<use pics/atlasifae2.png> [16

 <./pics/wbwb7tev.png>]
Overfull \vbox (4.42075pt too high) detected at line 489
 []

File: pics/atlasifae2.png Graphic file (type png)
<use pics/atlasifae2.png> [17

 <./pics/wbwb7tev.png>]
Overfull \vbox (4.42075pt too high) detected at line 489
 []

File: pics/atlasifae2.png Graphic file (type png)
<use pics/atlasifae2.png> [18

 <./pics/wbwb7tev.png>]
Overfull \vbox (4.42075pt too high) detected at line 489
 []

File: pics/atlasifae2.png Graphic file (type png)
<use pics/atlasifae2.png> [19

 <./pics/wbwb7tev.png>]

Package hyperref Warning: Token not allowed in a PDF string (PDFDocEncoding):
(hyperref)                removing `math shift' on input line 494.


Package hyperref Warning: Token not allowed in a PDF string (PDFDocEncoding):
(hyperref)                removing `\to' on input line 494.


Package hyperref Warning: Token not allowed in a PDF string (PDFDocEncoding):
(hyperref)                removing `math shift' on input line 494.

(./succurro_heavyQuarksAtlas.toc)
File: pics/atlasifae2.png Graphic file (type png)
 <use pics/atlasifae2.png> [20

]
<htx/feynhtx.png, id=350, 530.73282pt x 326.72063pt>
File: htx/feynhtx.png Graphic file (type png)
 <use htx/feynhtx.png>
<htx/fig_02b.pdf, id=351, 569.12625pt x 546.04pt>
File: htx/fig_02b.pdf Graphic file (type pdf)
 <use htx/fig_02b.pdf>
<htx/fig_04c.pdf, id=352, 569.12625pt x 656.4525pt>
File: htx/fig_04c.pdf Graphic file (type pdf)
 <use htx/fig_04c.pdf>
Overfull \vbox (2.02242pt too high) detected at line 545
 []

File: pics/atlasifae2.png Graphic file (type png)
<use pics/atlasifae2.png> [21

 <./htx/feynhtx.png (PNG copy)> <./htx/fig_02b.pdf> <./htx/fig_04c.pdf>]
<comb2d/ATLAS_VLQ_TT_june2013_step1.png, id=375, 1280.785pt x 724.7075pt>
File: comb2d/ATLAS_VLQ_TT_june2013_step1.png Graphic file (type png)

<use comb2d/ATLAS_VLQ_TT_june2013_step1.png>
File: pics/atlasifae2.png Graphic file (type png)
 <use pics/atlasifae2.png> [22

 <./comb2d/ATLAS_VLQ_TT_june2013_step1.png (PNG copy)>]
(./succurro_heavyQuarksAtlas.toc)
File: pics/atlasifae2.png Graphic file (type png)
 <use pics/atlasifae2.png> [23

]
<ssign/feynss.png, id=398, 606.01407pt x 370.38374pt>
File: ssign/feynss.png Graphic file (type png)
 <use ssign/feynss.png>
(./ssign/sstable.tex)
Overfull \vbox (6.894pt too high) detected at line 592
 []

File: pics/atlasifae2.png Graphic file (type png)
<use pics/atlasifae2.png> [24

 <./ssign/feynss.png (PNG copy)>]
<comb2d/ATLAS_VLQ_TT_june2013_step2.png, id=410, 1280.785pt x 724.7075pt>
File: comb2d/ATLAS_VLQ_TT_june2013_step2.png Graphic file (type png)

<use comb2d/ATLAS_VLQ_TT_june2013_step2.png>
File: pics/atlasifae2.png Graphic file (type png)
 <use pics/atlasifae2.png> [25

 <./comb2d/ATLAS_VLQ_TT_june2013_step2.png (PNG copy)>]
<comb2d/ATLAS_VLQ_BB_june2013_step1.png, id=420, 1280.785pt x 724.7075pt>
File: comb2d/ATLAS_VLQ_BB_june2013_step1.png Graphic file (type png)

<use comb2d/ATLAS_VLQ_BB_june2013_step1.png>
File: pics/atlasifae2.png Graphic file (type png)
 <use pics/atlasifae2.png> [26

 <./comb2d/ATLAS_VLQ_BB_june2013_step1.png (PNG copy)>]

Package hyperref Warning: Token not allowed in a PDF string (PDFDocEncoding):
(hyperref)                removing `math shift' on input line 615.


Package hyperref Warning: Token not allowed in a PDF string (PDFDocEncoding):
(hyperref)                removing `\to' on input line 615.


Package hyperref Warning: Token not allowed in a PDF string (PDFDocEncoding):
(hyperref)                removing `math shift' on input line 615.

(./succurro_heavyQuarksAtlas.toc)
File: pics/atlasifae2.png Graphic file (type png)
 <use pics/atlasifae2.png> [27

]
<ztag/fig_03d.pdf, id=442, 569.12625pt x 574.145pt>
File: ztag/fig_03d.pdf Graphic file (type pdf)
 <use ztag/fig_03d.pdf>
Overfull \hbox (9.5266pt too wide) in paragraph at lines 685--685
 [][] 
 []

<ztag/fig_07b.pdf, id=444, 569.12625pt x 574.145pt>
File: ztag/fig_07b.pdf Graphic file (type pdf)
 <use ztag/fig_07b.pdf>
File: pics/atlasifae2.png Graphic file (type png)

<use pics/atlasifae2.png> [28

 <./ztag/fig_03d.pdf> <./ztag/fig_03a.pdf> <./ztag/fig_07b.pdf>]
<comb2d/ATLAS_VLQ_TT_june2013_step3.png, id=586, 1280.785pt x 724.7075pt>
File: comb2d/ATLAS_VLQ_TT_june2013_step3.png Graphic file (type png)

<use comb2d/ATLAS_VLQ_TT_june2013_step3.png>
File: pics/atlasifae2.png Graphic file (type png)
 <use pics/atlasifae2.png> [29

 <./comb2d/ATLAS_VLQ_TT_june2013_step3.png (PNG copy)>]
<comb2d/ATLAS_VLQ_BB_june2013_step2.png, id=595, 1280.785pt x 724.7075pt>
File: comb2d/ATLAS_VLQ_BB_june2013_step2.png Graphic file (type png)

<use comb2d/ATLAS_VLQ_BB_june2013_step2.png>
File: pics/atlasifae2.png Graphic file (type png)
 <use pics/atlasifae2.png> [30

 <./comb2d/ATLAS_VLQ_BB_june2013_step2.png (PNG copy)>]

Package hyperref Warning: Token not allowed in a PDF string (PDFDocEncoding):
(hyperref)                removing `math shift' on input line 706.


Package hyperref Warning: Token not allowed in a PDF string (PDFDocEncoding):
(hyperref)                removing `\to' on input line 706.


Package hyperref Warning: Token not allowed in a PDF string (PDFDocEncoding):
(hyperref)                removing `math shift' on input line 706.

(./succurro_heavyQuarksAtlas.toc)
File: pics/atlasifae2.png Graphic file (type png)
 <use pics/atlasifae2.png> [31

]
<wbx/boost.jpg, id=619, 386.19281pt x 116.68594pt>
File: wbx/boost.jpg Graphic file (type jpg)
 <use wbx/boost.jpg>
<wbx/fig_02a.pdf, id=620, 569.12625pt x 656.4525pt>
File: wbx/fig_02a.pdf Graphic file (type pdf)
 <use wbx/fig_02a.pdf>
<wbx/fig_06b.pdf, id=621, 569.12625pt x 656.4525pt>
File: wbx/fig_06b.pdf Graphic file (type pdf)
 <use wbx/fig_06b.pdf>
Overfull \vbox (1.22726pt too high) detected at line 768
 []

File: pics/atlasifae2.png Graphic file (type png)
<use pics/atlasifae2.png> [32

 <./wbx/fig_05b.pdf> <./wbx/boost.jpg> <./wbx/fig_02a.pdf> <./wbx/fig_06b.pdf>]

<comb2d/ATLAS_VLQ_TT_june2013_step4.png, id=653, 1280.785pt x 724.7075pt>
File: comb2d/ATLAS_VLQ_TT_june2013_step4.png Graphic file (type png)

<use comb2d/ATLAS_VLQ_TT_june2013_step4.png>
File: pics/atlasifae2.png Graphic file (type png)
 <use pics/atlasifae2.png> [33

 <./comb2d/ATLAS_VLQ_TT_june2013_step4.png (PNG copy)>]
(./succurro_heavyQuarksAtlas.toc)
File: pics/atlasifae2.png Graphic file (type png)
 <use pics/atlasifae2.png> [34

]
Underfull \hbox (badness 2735) in paragraph at lines 824--824
\OT1/pbk/l/n/7 2012 LHC data, AT-LAS per-
 []

<wbx/fig_09.pdf, id=680, 569.12625pt x 546.04pt>
File: wbx/fig_09.pdf Graphic file (type pdf)
 <use wbx/fig_09.pdf>
<ztag/fig_08a.pdf, id=681, 569.12625pt x 546.04pt>
File: ztag/fig_08a.pdf Graphic file (type pdf)
 <use ztag/fig_08a.pdf>
<htx/fig_05a.pdf, id=682, 569.12625pt x 546.04pt>
File: htx/fig_05a.pdf Graphic file (type pdf)
 <use htx/fig_05a.pdf>
<ztag/fig_08b.pdf, id=683, 569.12625pt x 546.04pt>
File: ztag/fig_08b.pdf Graphic file (type pdf)
 <use ztag/fig_08b.pdf>
Overfull \vbox (3.57887pt too high) detected at line 824
 []

File: pics/atlasifae2.png Graphic file (type png)
<use pics/atlasifae2.png> [35

 <./wbx/fig_09.pdf> <./ztag/fig_08a.pdf> <./htx/fig_05a.pdf> <./ztag/fig_08b.pd
f>] (./succurro_heavyQuarksAtlas.bbl
LaTeX Font Info:    Font shape `OT1/pbk/bx/n' in size <8> not available
(Font)              Font shape `OT1/pbk/b/n' tried instead on input line 75.
LaTeX Font Info:    Font shape `OT1/pbk/b/n' in size <8> not available
(Font)              Font shape `OT1/pbk/db/n' tried instead on input line 75.
LaTeX Font Info:    Font shape `OT1/pbk/bx/n' in size <6> not available
(Font)              Font shape `OT1/pbk/b/n' tried instead on input line 75.
LaTeX Font Info:    Font shape `OT1/pbk/b/n' in size <6> not available
(Font)              Font shape `OT1/pbk/db/n' tried instead on input line 75.
LaTeX Font Info:    Font shape `OT1/pbk/bx/n' in size <5> not available
(Font)              Font shape `OT1/pbk/b/n' tried instead on input line 75.
LaTeX Font Info:    Font shape `OT1/pbk/b/n' in size <5> not available
(Font)              Font shape `OT1/pbk/db/n' tried instead on input line 75.
)
File: pics/atlasifae2.png Graphic file (type png)

<use pics/atlasifae2.png> [36

]
File: pics/atlasifae2.png Graphic file (type png)
 <use pics/atlasifae2.png> [37


]
File: pics/atlasifae2.png Graphic file (type png)

<use pics/atlasifae2.png> [38


]
File: pics/atlasifae2.png Graphic file (type png)
 <use pics/atlasifae2.png> [39


]
LaTeX Font Info:    Font shape `OT1/pbk/bx/n' in size <10> not available
(Font)              Font shape `OT1/pbk/b/n' tried instead on input line 851.
LaTeX Font Info:    Font shape `OT1/pbk/b/n' in size <10> not available
(Font)              Font shape `OT1/pbk/db/n' tried instead on input line 851.
File: pics/atlasifae2.png Graphic file (type png)

<use pics/atlasifae2.png> [40

]
LaTeX Font Info:    Try loading font information for OT1+pcr on input line 899.


(/usr/share/texmf-texlive/tex/latex/psnfss/ot1pcr.fd
File: ot1pcr.fd 2001/06/04 font definitions for OT1/pcr.
)
File: pics/atlasifae2.png Graphic file (type png)

<use pics/atlasifae2.png> [41

]
<htx/fig_04a.pdf, id=777, 569.12625pt x 656.4525pt>
File: htx/fig_04a.pdf Graphic file (type pdf)
 <use htx/fig_04a.pdf>
<htx/fig_04b.pdf, id=778, 569.12625pt x 656.4525pt>
File: htx/fig_04b.pdf Graphic file (type pdf)
 <use htx/fig_04b.pdf>
File: htx/fig_04c.pdf Graphic file (type pdf)

<use htx/fig_04c.pdf>
LaTeX Font Info:    Font shape `OT1/pbk/bx/n' in size <14.4> not available
(Font)              Font shape `OT1/pbk/b/n' tried instead on input line 914.
LaTeX Font Info:    Font shape `OT1/pbk/b/n' in size <14.4> not available
(Font)              Font shape `OT1/pbk/db/n' tried instead on input line 914.
File: pics/atlasifae2.png Graphic file (type png)
 <use pics/atlasifae2.png> [42

 <./htx/fig_04a.pdf> <./htx/fig_04b.pdf>] <htx/fig_06.pdf, id=801, 569.12625pt 
x 489.83pt>
File: htx/fig_06.pdf Graphic file (type pdf)

<use htx/fig_06.pdf>
Overfull \vbox (5.28854pt too high) detected at line 922
 []

File: pics/atlasifae2.png Graphic file (type png)
<use pics/atlasifae2.png> [43

 <./htx/fig_06.pdf>]
<ssign/fig_03a.png, id=821, 1138.2525pt x 770.88pt>
File: ssign/fig_03a.png Graphic file (type png)
 <use ssign/fig_03a.png>
<ssign/fig_03c.png, id=822, 1138.2525pt x 770.88pt>
File: ssign/fig_03c.png Graphic file (type png)
 <use ssign/fig_03c.png>
<ssign/fig_03e.png, id=823, 1138.2525pt x 770.88pt>
File: ssign/fig_03e.png Graphic file (type png)
 <use ssign/fig_03e.png>
<ssign/fig_03b.png, id=824, 1138.2525pt x 770.88pt>
File: ssign/fig_03b.png Graphic file (type png)
 <use ssign/fig_03b.png>
<ssign/fig_03d.png, id=825, 1138.2525pt x 770.88pt>
File: ssign/fig_03d.png Graphic file (type png)
 <use ssign/fig_03d.png>
<ssign/fig_03f.png, id=826, 1138.2525pt x 770.88pt>
File: ssign/fig_03f.png Graphic file (type png)
 <use ssign/fig_03f.png>
File: pics/atlasifae2.png Graphic file (type png)

<use pics/atlasifae2.png> [44

 <./ssign/fig_03a.png> <./ssign/fig_03c.png> <./ssign/fig_03e.png> <./ssign/fig
_03b.png> <./ssign/fig_03d.png> <./ssign/fig_03f.png>] <ssign/fig_06a.png, id=8
41, 1138.2525pt x 1126.2075pt>
File: ssign/fig_06a.png Graphic file (type png)

<use ssign/fig_06a.png> <ssign/fig_06b.png, id=842, 1138.2525pt x 1126.2075pt>
File: ssign/fig_06b.png Graphic file (type png)

<use ssign/fig_06b.png>
File: pics/atlasifae2.png Graphic file (type png)
 <use pics/atlasifae2.png> [45

 <./ssign/fig_06a.png> <./ssign/fig_06b.png>] <ssign/fig_07.png, id=853, 1138.2
525pt x 979.66pt>
File: ssign/fig_07.png Graphic file (type png)

<use ssign/fig_07.png>
Overfull \vbox (5.28107pt too high) detected at line 951
 []

File: pics/atlasifae2.png Graphic file (type png)
<use pics/atlasifae2.png> [46

 <./ssign/fig_07.png>]
<ssign/fig_08.png, id=863, 1138.2525pt x 979.66pt>
File: ssign/fig_08.png Graphic file (type png)
 <use ssign/fig_08.png>
Overfull \vbox (5.28107pt too high) detected at line 958
 []

File: pics/atlasifae2.png Graphic file (type png)
<use pics/atlasifae2.png> [47

 <./ssign/fig_08.png>]
<ztag/fig_04a.png, id=873, 1037.8775pt x 1079.03125pt>
File: ztag/fig_04a.png Graphic file (type png)
 <use ztag/fig_04a.png>
<ztag/fig_05a.png, id=874, 1057.9525pt x 1084.05pt>
File: ztag/fig_05a.png Graphic file (type png)
 <use ztag/fig_05a.png>
<ztag/fig_06a.png, id=875, 1037.8775pt x 1079.03125pt>
File: ztag/fig_06a.png Graphic file (type png)
 <use ztag/fig_06a.png>
<ztag/fig_04b.png, id=876, 1037.8775pt x 1079.03125pt>
File: ztag/fig_04b.png Graphic file (type png)
 <use ztag/fig_04b.png>
<ztag/fig_05b.png, id=877, 1057.9525pt x 1084.05pt>
File: ztag/fig_05b.png Graphic file (type png)
 <use ztag/fig_05b.png>
<ztag/fig_06b.png, id=878, 1037.8775pt x 1079.03125pt>
File: ztag/fig_06b.png Graphic file (type png)
 <use ztag/fig_06b.png>
File: pics/atlasifae2.png Graphic file (type png)

<use pics/atlasifae2.png> [48

 <./ztag/fig_04a.png> <./ztag/fig_05a.png> <./ztag/fig_06a.png> <./ztag/fig_04b
.png> <./ztag/fig_05b.png> <./ztag/fig_06b.png>]
<ztag/fig_10.png, id=887, 1128.215pt x 985.6825pt>
File: ztag/fig_10.png Graphic file (type png)
 <use ztag/fig_10.png>
Overfull \vbox (2.33133pt too high) detected at line 983
 []

File: pics/atlasifae2.png Graphic file (type png)
<use pics/atlasifae2.png> [49

 <./ztag/fig_10.png>]
<ztag/fig_11.png, id=897, 1128.215pt x 984.67876pt>
File: ztag/fig_11.png Graphic file (type png)
 <use ztag/fig_11.png>
Overfull \vbox (2.11789pt too high) detected at line 991
 []

File: pics/atlasifae2.png Graphic file (type png)
<use pics/atlasifae2.png> [50

 <./ztag/fig_11.png>]
<ztag/fig_14.png, id=906, 1027.84pt x 684.5575pt>
File: ztag/fig_14.png Graphic file (type png)
 <use ztag/fig_14.png>
File: pics/atlasifae2.png Graphic file (type png)

<use pics/atlasifae2.png> [51

 <./ztag/fig_14.png (PNG copy)>]
<wbx/fig_03b.pdf, id=915, 569.12625pt x 656.4525pt>
File: wbx/fig_03b.pdf Graphic file (type pdf)
 <use wbx/fig_03b.pdf>
<wbx/fig_05a.pdf, id=916, 569.12625pt x 656.4525pt>
File: wbx/fig_05a.pdf Graphic file (type pdf)
 <use wbx/fig_05a.pdf>
File: pics/atlasifae2.png Graphic file (type png)

<use pics/atlasifae2.png> [52

 <./wbx/fig_03b.pdf> <./wbx/fig_05a.pdf>]
<wbx/fig_08.pdf, id=939, 569.12625pt x 489.83pt>
File: wbx/fig_08.pdf Graphic file (type pdf)
 <use wbx/fig_08.pdf>
Overfull \vbox (5.28854pt too high) detected at line 1039
 []

File: pics/atlasifae2.png Graphic file (type png)
<use pics/atlasifae2.png> [53

 <./wbx/fig_08.pdf>]
<wbx/fig_10.pdf, id=958, 569.12625pt x 489.83pt>
File: wbx/fig_10.pdf Graphic file (type pdf)
 <use wbx/fig_10.pdf>
Overfull \vbox (5.28854pt too high) detected at line 1047
 []

File: pics/atlasifae2.png Graphic file (type png)
<use pics/atlasifae2.png> [54

 <./wbx/fig_10.pdf>]
<ssign/fig_04.png, id=978, 1138.2525pt x 821.0675pt>
File: ssign/fig_04.png Graphic file (type png)
 <use ssign/fig_04.png>
File: pics/atlasifae2.png Graphic file (type png)

<use pics/atlasifae2.png> [55

 <./ssign/fig_04.png>]
<wbx/fig_07a.pdf, id=989, 569.12625pt x 546.04pt>
File: wbx/fig_07a.pdf Graphic file (type pdf)
 <use wbx/fig_07a.pdf>
File: pics/atlasifae2.png Graphic file (type png)

<use pics/atlasifae2.png> [56

 <./wbx/fig_07a.pdf>]
<pics/sumLumiByDay2012.png, id=1008, 798.985pt x 574.145pt>
File: pics/sumLumiByDay2012.png Graphic file (type png)

<use pics/sumLumiByDay2012.png>
<pics/atlas.jpg, id=1013, 810.52812pt x 520.94624pt>
File: pics/atlas.jpg Graphic file (type jpg)
 <use pics/atlas.jpg>
File: pics/atlasifae2.png Graphic file (type png)

<use pics/atlasifae2.png> [57

 <./pics/atlas.jpg> <./pics/sumLumiByDay2012.png (PNG copy)>]
File: pics/sumLumiByDay2012.png Graphic file (type png)
 <use pics/sumLumiByDay2012.png>
File: pics/atlas.jpg Graphic file (type jpg)
 <use pics/atlas.jpg>
File: pics/atlasifae2.png Graphic file (type png)

<use pics/atlasifae2.png> [58

]
\tf@nav=\write7
\openout7 = `succurro_heavyQuarksAtlas.nav'.

\tf@toc=\write8
\openout8 = `succurro_heavyQuarksAtlas.toc'.

\tf@snm=\write9
\openout9 = `succurro_heavyQuarksAtlas.snm'.

 (./succurro_heavyQuarksAtlas.aux) ) 
Here is how much of TeX's memory you used:
 19115 strings out of 495061
 341042 string characters out of 1182621
 437931 words of memory out of 3000000
 21534 multiletter control sequences out of 15000+50000
 37280 words of font info for 105 fonts, out of 3000000 for 9000
 28 hyphenation exceptions out of 8191
 49i,19n,53p,441b,706s stack positions out of 5000i,500n,10000p,200000b,50000s
{/usr/share/texmf-texlive/fonts/enc/dvips/b
ase/8r.enc}</usr/share/texmf-texlive/fonts/type1/public/amsfonts/cmextra/cmex7.
pfb></usr/share/texmf-texlive/fonts/type1/public/amsfonts/cm/cmmi5.pfb></usr/sh
are/texmf-texlive/fonts/type1/public/amsfonts/cm/cmmi6.pfb></usr/share/texmf-te
xlive/fonts/type1/public/amsfonts/cm/cmmi7.pfb></usr/share/texmf-texlive/fonts/
type1/public/amsfonts/cm/cmmi8.pfb></usr/share/texmf-texlive/fonts/type1/public
/amsfonts/cm/cmr10.pfb></usr/share/texmf-texlive/fonts/type1/public/amsfonts/cm
/cmr12.pfb></usr/share/texmf-texlive/fonts/type1/public/amsfonts/cm/cmr5.pfb></
usr/share/texmf-texlive/fonts/type1/public/amsfonts/cm/cmr6.pfb></usr/share/tex
mf-texlive/fonts/type1/public/amsfonts/cm/cmr7.pfb></usr/share/texmf-texlive/fo
nts/type1/public/amsfonts/cm/cmr8.pfb></usr/share/texmf-texlive/fonts/type1/pub
lic/amsfonts/cm/cmsy10.pfb></usr/share/texmf-texlive/fonts/type1/public/amsfont
s/cm/cmsy5.pfb></usr/share/texmf-texlive/fonts/type1/public/amsfonts/cm/cmsy6.p
fb></usr/share/texmf-texlive/fonts/type1/public/amsfonts/cm/cmsy7.pfb></usr/sha
re/texmf-texlive/fonts/type1/public/amsfonts/cm/cmsy8.pfb></usr/share/texmf-tex
live/fonts/type1/public/amsfonts/symbols/msam7.pfb></usr/share/texmf-texlive/fo
nts/type1/urw/bookman/ubkd8a.pfb></usr/share/texmf-texlive/fonts/type1/urw/book
man/ubkl8a.pfb></usr/share/texmf-texlive/fonts/type1/urw/bookman/ubkli8a.pfb></
usr/share/texmf-texlive/fonts/type1/urw/courier/ucrr8a.pfb>
Output written on succurro_heavyQuarksAtlas.pdf (58 pages, 3852257 bytes).
PDF statistics:
 1131 PDF objects out of 1200 (max. 8388607)
 142 named destinations out of 1000 (max. 500000)
 485 words of extra memory for PDF output out of 10000 (max. 10000000)

